we are running from this directory: /cluster/home/haakohu/bdd100k-models-anonymization/ins_seg
 the name of the job is: mmdet_original_mrcnn_r50_fpn
Th job ID is 16386324
The job was run on these nodes: idun-04-05
Number of nodes: 1
We are using 8 cores
We are using 8 cores per node
Total of  cores
Total of GPUS: 0
Sun Jan 29 09:04:28 2023       
+-----------------------------------------------------------------------------+
| NVIDIA-SMI 515.43.04    Driver Version: 515.43.04    CUDA Version: 11.7     |
|-------------------------------+----------------------+----------------------+
| GPU  Name        Persistence-M| Bus-Id        Disp.A | Volatile Uncorr. ECC |
| Fan  Temp  Perf  Pwr:Usage/Cap|         Memory-Usage | GPU-Util  Compute M. |
|                               |                      |               MIG M. |
|===============================+======================+======================|
|   0  NVIDIA A100-PCI...  On   | 00000000:14:00.0 Off |                    0 |
| N/A   25C    P0    31W / 250W |      0MiB / 40960MiB |      0%      Default |
|                               |                      |             Disabled |
+-------------------------------+----------------------+----------------------+
                                                                               
+-----------------------------------------------------------------------------+
| Processes:                                                                  |
|  GPU   GI   CI        PID   Type   Process name                  GPU Memory |
|        ID   ID                                                   Usage      |
|=============================================================================|
|  No running processes found                                                 |
+-----------------------------------------------------------------------------+
GPU 0: NVIDIA A100-PCIE-40GB (UUID: GPU-a4f4c2b0-1758-d9c1-b62c-755e9b4a7f2d)
	 Link 0: <inactive>
	 Link 1: <inactive>
	 Link 2: <inactive>
	 Link 3: <inactive>
	 Link 4: <inactive>
	 Link 5: <inactive>
	 Link 6: <inactive>
	 Link 7: <inactive>
	 Link 8: <inactive>
	 Link 9: <inactive>
	 Link 10: <inactive>
	 Link 11: <inactive>
	[4mGPU0	mlx5_0	CPU Affinity	NUMA Affinity[0m
GPU0	 X 	SYS	33,35,37,39	0-1
mlx5_0	SYS	 X 		

Legend:

  X    = Self
  SYS  = Connection traversing PCIe as well as the SMP interconnect between NUMA nodes (e.g., QPI/UPI)
  NODE = Connection traversing PCIe as well as the interconnect between PCIe Host Bridges within a NUMA node
  PHB  = Connection traversing PCIe as well as a PCIe Host Bridge (typically the CPU)
  PXB  = Connection traversing multiple PCIe bridges (without traversing the PCIe Host Bridge)
  PIX  = Connection traversing at most a single PCIe bridge
  NV#  = Connection traversing a bonded set of # NVLinks
[2023-01-29 09:04:30,922 utils.py:100 reorder_preds] 0 images are missed in the prediction.
  0%|          | 0/1000 [00:00<?, ?it/s] 32%|â–ˆâ–ˆâ–ˆâ–      | 315/1000 [00:07<00:15, 44.77it/s] 38%|â–ˆâ–ˆâ–ˆâ–Š      | 378/1000 [00:07<00:11, 56.02it/s] 44%|â–ˆâ–ˆâ–ˆâ–ˆâ–     | 441/1000 [00:07<00:08, 67.27it/s] 50%|â–ˆâ–ˆâ–ˆâ–ˆâ–ˆ     | 504/1000 [00:07<00:06, 81.39it/s] 57%|â–ˆâ–ˆâ–ˆâ–ˆâ–ˆâ–‹    | 567/1000 [00:14<00:15, 27.62it/s] 63%|â–ˆâ–ˆâ–ˆâ–ˆâ–ˆâ–ˆâ–Ž   | 630/1000 [00:14<00:10, 35.71it/s] 69%|â–ˆâ–ˆâ–ˆâ–ˆâ–ˆâ–ˆâ–‰   | 693/1000 [00:15<00:07, 43.60it/s] 82%|â–ˆâ–ˆâ–ˆâ–ˆâ–ˆâ–ˆâ–ˆâ–ˆâ– | 819/1000 [00:21<00:06, 27.95it/s] 88%|â–ˆâ–ˆâ–ˆâ–ˆâ–ˆâ–ˆâ–ˆâ–ˆâ–Š | 882/1000 [00:21<00:03, 35.97it/s] 94%|â–ˆâ–ˆâ–ˆâ–ˆâ–ˆâ–ˆâ–ˆâ–ˆâ–ˆâ–| 945/1000 [00:22<00:01, 40.76it/s]100%|â–ˆâ–ˆâ–ˆâ–ˆâ–ˆâ–ˆâ–ˆâ–ˆâ–ˆâ–ˆ| 1000/1000 [00:22<00:00, 43.66it/s]
[2023-01-29 09:05:02,244 ins_seg.py:296 evaluate_ins_seg] evaluating...
[2023-01-29 09:05:04,157 ins_seg.py:299 evaluate_ins_seg] accumulating...
[2023-01-29 09:05:04,690 run.py:285 run] 
             AP  AP50  AP75  APs  APm  APl  AR1  AR10  AR100  ARs  ARm  ARl
---------------------------------------------------------------------------
pedestrian 31.3  61.0  30.5 21.1 50.1 51.6 15.1  36.2   37.2 28.5 55.0 55.7
rider       7.8  24.3   0.9  5.6 11.8 25.2 11.1  11.1   11.1  8.7 14.6 25.0
car        44.8  68.1  47.3 22.3 60.0 85.6  7.6  43.7   50.0 29.7 66.4 89.2
truck      27.3  36.7  32.8  9.5 27.0 46.1 25.1  34.1   34.1 16.1 35.8 49.9
bus        29.3  39.8  33.6  5.1 24.5 67.2 29.3  36.0   36.0  8.0 35.7 71.9
train       0.0   0.0   0.0   -   0.0  0.0  0.0   0.0    0.0   -   0.0  0.0
motorcycle 13.2  32.9   5.9  7.6 15.7 29.0 18.1  18.1   18.1  8.5 22.5 32.9
bicycle     6.1  17.8   3.0  4.2  9.5 50.0  8.8  10.7   10.7  7.3 15.7 50.0
---------------------------------------------------------------------------
OVERALL    20.0  35.1  19.2 10.8 24.8 44.4 14.4  23.7   24.6 15.3 30.7 46.8

Accumulating evaluation results...
DONE (t=0.53s).
